TN:
SF:/Users/jane/githubs/compiler-ts/src/Lex.spec.ts
FN:3,(anonymous_0)
FN:4,(anonymous_1)
FNF:2
FNH:2
FNDA:1,(anonymous_0)
FNDA:1,(anonymous_1)
DA:1,1
DA:3,1
DA:4,1
DA:5,1
DA:8,1
DA:9,1
LF:6
LH:6
BRF:0
BRH:0
end_of_record
TN:
SF:/Users/jane/githubs/compiler-ts/src/Lex.ts
FN:1,(anonymous_0)
FN:15,(anonymous_1)
FN:31,(anonymous_2)
FN:36,Lex
FN:40,(anonymous_4)
FN:45,(anonymous_5)
FN:149,(anonymous_6)
FN:153,(anonymous_7)
FN:157,(anonymous_8)
FN:162,(anonymous_9)
FN:195,(anonymous_10)
FN:197,(anonymous_11)
FNF:12
FNH:12
FNDA:1,(anonymous_0)
FNDA:1,(anonymous_1)
FNDA:1,(anonymous_2)
FNDA:1,Lex
FNDA:1,(anonymous_4)
FNDA:1,(anonymous_5)
FNDA:4,(anonymous_6)
FNDA:7,(anonymous_7)
FNDA:3,(anonymous_8)
FNDA:4,(anonymous_9)
FNDA:1,(anonymous_10)
FNDA:4,(anonymous_11)
DA:1,1
DA:2,1
DA:3,1
DA:4,1
DA:5,1
DA:6,1
DA:7,1
DA:8,1
DA:9,1
DA:10,1
DA:11,1
DA:12,1
DA:15,1
DA:16,1
DA:17,1
DA:18,1
DA:19,1
DA:20,1
DA:21,1
DA:22,1
DA:31,1
DA:37,1
DA:40,1
DA:41,1
DA:42,1
DA:45,1
DA:47,1
DA:49,1
DA:51,1
DA:53,14
DA:55,4
DA:56,4
DA:58,3
DA:59,2
DA:60,1
DA:61,1
DA:63,3
DA:65,1
DA:66,1
DA:69,0
DA:71,1
DA:73,0
DA:74,0
DA:75,0
DA:78,0
DA:80,0
DA:82,1
DA:83,1
DA:84,1
DA:86,0
DA:87,0
DA:89,1
DA:91,1
DA:92,1
DA:93,1
DA:94,0
DA:95,0
DA:96,0
DA:98,0
DA:100,1
DA:102,1
DA:103,1
DA:104,1
DA:105,0
DA:106,0
DA:107,0
DA:109,0
DA:111,1
DA:113,1
DA:114,1
DA:115,1
DA:116,0
DA:117,0
DA:118,0
DA:120,0
DA:122,1
DA:124,1
DA:125,1
DA:126,1
DA:127,0
DA:128,0
DA:129,0
DA:131,0
DA:133,1
DA:135,1
DA:136,1
DA:137,1
DA:139,0
DA:140,0
DA:142,1
DA:146,1
DA:149,1
DA:150,4
DA:153,1
DA:154,7
DA:157,1
DA:158,3
DA:162,1
DA:163,4
DA:166,4
DA:167,2
DA:168,1
DA:170,1
DA:172,2
DA:173,2
DA:174,2
DA:175,1
DA:176,1
DA:177,1
DA:178,1
DA:179,0
DA:180,0
DA:181,0
DA:182,1
DA:183,1
DA:184,1
DA:185,1
DA:187,0
DA:189,4
DA:190,4
DA:191,4
DA:195,1
DA:197,1
DA:198,4
DA:201,1
DA:202,1
DA:204,1
DA:206,1
LF:128
LH:98
BRDA:1,0,0,1
BRDA:1,0,1,1
BRDA:15,1,0,1
BRDA:15,1,1,1
BRDA:54,2,0,4
BRDA:54,2,1,3
BRDA:54,2,2,1
BRDA:54,2,3,0
BRDA:54,2,4,1
BRDA:54,2,5,1
BRDA:54,2,6,1
BRDA:54,2,7,1
BRDA:54,2,8,1
BRDA:54,2,9,1
BRDA:58,3,0,2
BRDA:58,3,1,1
BRDA:58,4,0,3
BRDA:58,4,1,1
BRDA:60,5,0,1
BRDA:60,5,1,0
BRDA:65,6,0,1
BRDA:65,6,1,0
BRDA:73,7,0,0
BRDA:73,7,1,0
BRDA:82,8,0,1
BRDA:82,8,1,0
BRDA:91,9,0,1
BRDA:91,9,1,0
BRDA:94,10,0,0
BRDA:94,10,1,0
BRDA:102,11,0,1
BRDA:102,11,1,0
BRDA:105,12,0,0
BRDA:105,12,1,0
BRDA:113,13,0,1
BRDA:113,13,1,0
BRDA:116,14,0,0
BRDA:116,14,1,0
BRDA:124,15,0,1
BRDA:124,15,1,0
BRDA:127,16,0,0
BRDA:127,16,1,0
BRDA:135,17,0,1
BRDA:135,17,1,0
BRDA:166,18,0,2
BRDA:166,18,1,2
BRDA:167,19,0,1
BRDA:167,19,1,1
BRDA:174,20,0,1
BRDA:174,20,1,1
BRDA:178,21,0,0
BRDA:178,21,1,1
BRDA:182,22,0,1
BRDA:182,22,1,0
BRDA:189,23,0,4
BRDA:189,23,1,0
BRF:56
BRH:34
end_of_record
TN:
SF:/Users/jane/githubs/compiler-ts/src/MyLibrary.spec.ts
FN:3,(anonymous_0)
FN:4,(anonymous_1)
FNF:2
FNH:2
FNDA:1,(anonymous_0)
FNDA:1,(anonymous_1)
DA:1,1
DA:3,1
DA:4,1
DA:5,1
DA:6,1
DA:7,1
LF:6
LH:6
BRDA:7,0,0,1
BRDA:7,0,1,1
BRF:2
BRH:2
end_of_record
TN:
SF:/Users/jane/githubs/compiler-ts/src/MyLibrary.ts
FN:5,(anonymous_0)
FN:6,(anonymous_2)
FNF:2
FNH:2
FNDA:2,(anonymous_0)
FNDA:1,(anonymous_2)
DA:5,1
DA:6,1
DA:7,1
DA:9,1
DA:11,1
LF:5
LH:5
BRF:0
BRH:0
end_of_record
TN:
SF:/Users/jane/githubs/compiler-ts/tests/unit/spec-bundle.js
FN:5,requireAll
FNF:1
FNH:1
FNDA:1,requireAll
DA:1,1
DA:3,1
DA:6,1
DA:9,1
LF:4
LH:4
BRF:0
BRH:0
end_of_record
